# JRE version: Java(TM) SE Runtime Environment (8.0_401) (build 1.8.0_401-b10)
# Java VM: Java HotSpot(TM) 64-Bit Server VM (25.401-b10 mixed mode windows-amd64 compressed oops)
Heap:
 PSYoungGen      total 101888K, used 8538K [0x00000000f5580000, 0x00000000fd100000, 0x0000000100000000)
  eden space 100864K, 7% used [0x00000000f5580000,0x00000000f5d316d0,0x00000000fb800000)
  from space 1024K, 64% used [0x00000000fba00000,0x00000000fbaa5348,0x00000000fbb00000)
  to   space 12800K, 0% used [0x00000000fc480000,0x00000000fc480000,0x00000000fd100000)
 ParOldGen       total 149504K, used 24383K [0x00000000e0000000, 0x00000000e9200000, 0x00000000f5580000)
  object space 149504K, 16% used [0x00000000e0000000,0x00000000e17cfc70,0x00000000e9200000)
 Metaspace       used 22234K, capacity 22630K, committed 23040K, reserved 1069056K
  class space    used 2856K, capacity 2980K, committed 3072K, reserved 1048576K
GC Heap History (10 events):
Event: 195.274 GC heap before
{Heap before GC invocations=23 (full 6):
 PSYoungGen      total 124416K, used 111841K [0x00000000f5580000, 0x00000000fe200000, 0x0000000100000000)
  eden space 111104K, 100% used [0x00000000f5580000,0x00000000fc200000,0x00000000fc200000)
  from space 13312K, 5% used [0x00000000fd500000,0x00000000fd5b84a0,0x00000000fe200000)
  to   space 16384K, 0% used [0x00000000fc200000,0x00000000fc200000,0x00000000fd200000)
 ParOldGen       total 149504K, used 23654K [0x00000000e0000000, 0x00000000e9200000, 0x00000000f5580000)
  object space 149504K, 15% used [0x00000000e0000000,0x00000000e1719950,0x00000000e9200000)
 Metaspace       used 22211K, capacity 22630K, committed 23040K, reserved 1069056K
  class space    used 2856K, capacity 2980K, committed 3072K, reserved 1048576K
Event: 195.275 GC heap after
Heap after GC invocations=23 (full 6):
 PSYoungGen      total 110080K, used 641K [0x00000000f5580000, 0x00000000fde00000, 0x0000000100000000)
  eden space 109056K, 0% used [0x00000000f5580000,0x00000000f5580000,0x00000000fc000000)
  from space 1024K, 62% used [0x00000000fc200000,0x00000000fc2a07e0,0x00000000fc300000)
  to   space 15360K, 0% used [0x00000000fcf00000,0x00000000fcf00000,0x00000000fde00000)
 ParOldGen       total 149504K, used 23774K [0x00000000e0000000, 0x00000000e9200000, 0x00000000f5580000)
  object space 149504K, 15% used [0x00000000e0000000,0x00000000e1737978,0x00000000e9200000)
 Metaspace       used 22211K, capacity 22630K, committed 23040K, reserved 1069056K
  class space    used 2856K, capacity 2980K, committed 3072K, reserved 1048576K
}
Event: 203.919 GC heap before
{Heap before GC invocations=24 (full 6):
 PSYoungGen      total 110080K, used 109697K [0x00000000f5580000, 0x00000000fde00000, 0x0000000100000000)
  eden space 109056K, 100% used [0x00000000f5580000,0x00000000fc000000,0x00000000fc000000)
  from space 1024K, 62% used [0x00000000fc200000,0x00000000fc2a07e0,0x00000000fc300000)
  to   space 15360K, 0% used [0x00000000fcf00000,0x00000000fcf00000,0x00000000fde00000)
 ParOldGen       total 149504K, used 23774K [0x00000000e0000000, 0x00000000e9200000, 0x00000000f5580000)
  object space 149504K, 15% used [0x00000000e0000000,0x00000000e1737978,0x00000000e9200000)
 Metaspace       used 22231K, capacity 22630K, committed 23040K, reserved 1069056K
  class space    used 2856K, capacity 2980K, committed 3072K, reserved 1048576K
Event: 203.921 GC heap after
Heap after GC invocations=24 (full 6):
 PSYoungGen      total 119296K, used 742K [0x00000000f5580000, 0x00000000fdb00000, 0x0000000100000000)
  eden space 107008K, 0% used [0x00000000f5580000,0x00000000f5580000,0x00000000fbe00000)
  from space 12288K, 6% used [0x00000000fcf00000,0x00000000fcfb9828,0x00000000fdb00000)
  to   space 14848K, 0% used [0x00000000fbe00000,0x00000000fbe00000,0x00000000fcc80000)
 ParOldGen       total 149504K, used 23862K [0x00000000e0000000, 0x00000000e9200000, 0x00000000f5580000)
  object space 149504K, 15% used [0x00000000e0000000,0x00000000e174d978,0x00000000e9200000)
 Metaspace       used 22231K, capacity 22630K, committed 23040K, reserved 1069056K
  class space    used 2856K, capacity 2980K, committed 3072K, reserved 1048576K
}
Event: 207.535 GC heap before
{Heap before GC invocations=25 (full 6):
 PSYoungGen      total 119296K, used 107750K [0x00000000f5580000, 0x00000000fdb00000, 0x0000000100000000)
  eden space 107008K, 100% used [0x00000000f5580000,0x00000000fbe00000,0x00000000fbe00000)
  from space 12288K, 6% used [0x00000000fcf00000,0x00000000fcfb9828,0x00000000fdb00000)
  to   space 14848K, 0% used [0x00000000fbe00000,0x00000000fbe00000,0x00000000fcc80000)
 ParOldGen       total 149504K, used 23862K [0x00000000e0000000, 0x00000000e9200000, 0x00000000f5580000)
  object space 149504K, 15% used [0x00000000e0000000,0x00000000e174d978,0x00000000e9200000)
 Metaspace       used 22232K, capacity 22630K, committed 23040K, reserved 1069056K
  class space    used 2856K, capacity 2980K, committed 3072K, reserved 1048576K
Event: 207.537 GC heap after
Heap after GC invocations=25 (full 6):
 PSYoungGen      total 105984K, used 729K [0x00000000f5580000, 0x00000000fd700000, 0x0000000100000000)
  eden space 104960K, 0% used [0x00000000f5580000,0x00000000f5580000,0x00000000fbc00000)
  from space 1024K, 71% used [0x00000000fbe00000,0x00000000fbeb67d0,0x00000000fbf00000)
  to   space 13824K, 0% used [0x00000000fc980000,0x00000000fc980000,0x00000000fd700000)
 ParOldGen       total 149504K, used 23958K [0x00000000e0000000, 0x00000000e9200000, 0x00000000f5580000)
  object space 149504K, 16% used [0x00000000e0000000,0x00000000e1765978,0x00000000e9200000)
 Metaspace       used 22232K, capacity 22630K, committed 23040K, reserved 1069056K
  class space    used 2856K, capacity 2980K, committed 3072K, reserved 1048576K
}
Event: 209.875 GC heap before
{Heap before GC invocations=26 (full 6):
 PSYoungGen      total 105984K, used 105689K [0x00000000f5580000, 0x00000000fd700000, 0x0000000100000000)
  eden space 104960K, 100% used [0x00000000f5580000,0x00000000fbc00000,0x00000000fbc00000)
  from space 1024K, 71% used [0x00000000fbe00000,0x00000000fbeb67d0,0x00000000fbf00000)
  to   space 13824K, 0% used [0x00000000fc980000,0x00000000fc980000,0x00000000fd700000)
 ParOldGen       total 149504K, used 23958K [0x00000000e0000000, 0x00000000e9200000, 0x00000000f5580000)
  object space 149504K, 16% used [0x00000000e0000000,0x00000000e1765978,0x00000000e9200000)
 Metaspace       used 22232K, capacity 22630K, committed 23040K, reserved 1069056K
  class space    used 2856K, capacity 2980K, committed 3072K, reserved 1048576K
Event: 209.877 GC heap after
Heap after GC invocations=26 (full 6):
 PSYoungGen      total 113664K, used 1163K [0x00000000f5580000, 0x00000000fd400000, 0x0000000100000000)
  eden space 102912K, 0% used [0x00000000f5580000,0x00000000f5580000,0x00000000fba00000)
  from space 10752K, 10% used [0x00000000fc980000,0x00000000fcaa2fa0,0x00000000fd400000)
  to   space 13312K, 0% used [0x00000000fba00000,0x00000000fba00000,0x00000000fc700000)
 ParOldGen       total 149504K, used 24311K [0x00000000e0000000, 0x00000000e9200000, 0x00000000f5580000)
  object space 149504K, 16% used [0x00000000e0000000,0x00000000e17bdc70,0x00000000e9200000)
 Metaspace       used 22232K, capacity 22630K, committed 23040K, reserved 1069056K
  class space    used 2856K, capacity 2980K, committed 3072K, reserved 1048576K
}
Event: 215.073 GC heap before
{Heap before GC invocations=27 (full 6):
 PSYoungGen      total 113664K, used 104075K [0x00000000f5580000, 0x00000000fd400000, 0x0000000100000000)
  eden space 102912K, 100% used [0x00000000f5580000,0x00000000fba00000,0x00000000fba00000)
  from space 10752K, 10% used [0x00000000fc980000,0x00000000fcaa2fa0,0x00000000fd400000)
  to   space 13312K, 0% used [0x00000000fba00000,0x00000000fba00000,0x00000000fc700000)
 ParOldGen       total 149504K, used 24311K [0x00000000e0000000, 0x00000000e9200000, 0x00000000f5580000)
  object space 149504K, 16% used [0x00000000e0000000,0x00000000e17bdc70,0x00000000e9200000)
 Metaspace       used 22232K, capacity 22630K, committed 23040K, reserved 1069056K
  class space    used 2856K, capacity 2980K, committed 3072K, reserved 1048576K
Event: 215.080 GC heap after
Heap after GC invocations=27 (full 6):
 PSYoungGen      total 101888K, used 660K [0x00000000f5580000, 0x00000000fd100000, 0x0000000100000000)
  eden space 100864K, 0% used [0x00000000f5580000,0x00000000f5580000,0x00000000fb800000)
  from space 1024K, 64% used [0x00000000fba00000,0x00000000fbaa5348,0x00000000fbb00000)
  to   space 12800K, 0% used [0x00000000fc480000,0x00000000fc480000,0x00000000fd100000)
 ParOldGen       total 149504K, used 24383K [0x00000000e0000000, 0x00000000e9200000, 0x00000000f5580000)
  object space 149504K, 16% used [0x00000000e0000000,0x00000000e17cfc70,0x00000000e9200000)
 Metaspace       used 22232K, capacity 22630K, committed 23040K, reserved 1069056K
  class space    used 2856K, capacity 2980K, committed 3072K, reserved 1048576K
}

