# JRE version: Java(TM) SE Runtime Environment (8.0_401) (build 1.8.0_401-b10)
# Java VM: Java HotSpot(TM) 64-Bit Server VM (25.401-b10 mixed mode windows-amd64 compressed oops)
Heap:
 PSYoungGen      total 52224K, used 51006K [0x00000000f5580000, 0x00000000f8b80000, 0x0000000100000000)
  eden space 51712K, 97% used [0x00000000f5580000,0x00000000f86ec298,0x00000000f8800000)
  from space 512K, 77% used [0x00000000f8b00000,0x00000000f8b63570,0x00000000f8b80000)
  to   space 1536K, 0% used [0x00000000f8880000,0x00000000f8880000,0x00000000f8a00000)
 ParOldGen       total 151552K, used 36757K [0x00000000e0000000, 0x00000000e9400000, 0x00000000f5580000)
  object space 151552K, 24% used [0x00000000e0000000,0x00000000e23e5788,0x00000000e9400000)
 Metaspace       used 23977K, capacity 24428K, committed 24832K, reserved 1071104K
  class space    used 3127K, capacity 3265K, committed 3328K, reserved 1048576K
GC Heap History (10 events):
Event: 1054.269 GC heap before
{Heap before GC invocations=777 (full 25):
 PSYoungGen      total 55296K, used 55091K [0x00000000f5580000, 0x00000000f8e00000, 0x0000000100000000)
  eden space 54272K, 100% used [0x00000000f5580000,0x00000000f8a80000,0x00000000f8a80000)
  from space 1024K, 80% used [0x00000000f8b80000,0x00000000f8c4ce28,0x00000000f8c80000)
  to   space 1536K, 0% used [0x00000000f8c80000,0x00000000f8c80000,0x00000000f8e00000)
 ParOldGen       total 151552K, used 36389K [0x00000000e0000000, 0x00000000e9400000, 0x00000000f5580000)
  object space 151552K, 24% used [0x00000000e0000000,0x00000000e2389788,0x00000000e9400000)
 Metaspace       used 23975K, capacity 24428K, committed 24832K, reserved 1071104K
  class space    used 3127K, capacity 3265K, committed 3328K, reserved 1048576K
Event: 1054.270 GC heap after
Heap after GC invocations=777 (full 25):
 PSYoungGen      total 54784K, used 544K [0x00000000f5580000, 0x00000000f8d80000, 0x0000000100000000)
  eden space 53760K, 0% used [0x00000000f5580000,0x00000000f5580000,0x00000000f8a00000)
  from space 1024K, 53% used [0x00000000f8c80000,0x00000000f8d08078,0x00000000f8d80000)
  to   space 1536K, 0% used [0x00000000f8a80000,0x00000000f8a80000,0x00000000f8c00000)
 ParOldGen       total 151552K, used 36461K [0x00000000e0000000, 0x00000000e9400000, 0x00000000f5580000)
  object space 151552K, 24% used [0x00000000e0000000,0x00000000e239b788,0x00000000e9400000)
 Metaspace       used 23975K, capacity 24428K, committed 24832K, reserved 1071104K
  class space    used 3127K, capacity 3265K, committed 3328K, reserved 1048576K
}
Event: 1054.764 GC heap before
{Heap before GC invocations=778 (full 25):
 PSYoungGen      total 54784K, used 54304K [0x00000000f5580000, 0x00000000f8d80000, 0x0000000100000000)
  eden space 53760K, 100% used [0x00000000f5580000,0x00000000f8a00000,0x00000000f8a00000)
  from space 1024K, 53% used [0x00000000f8c80000,0x00000000f8d08078,0x00000000f8d80000)
  to   space 1536K, 0% used [0x00000000f8a80000,0x00000000f8a80000,0x00000000f8c00000)
 ParOldGen       total 151552K, used 36461K [0x00000000e0000000, 0x00000000e9400000, 0x00000000f5580000)
  object space 151552K, 24% used [0x00000000e0000000,0x00000000e239b788,0x00000000e9400000)
 Metaspace       used 23975K, capacity 24428K, committed 24832K, reserved 1071104K
  class space    used 3127K, capacity 3265K, committed 3328K, reserved 1048576K
Event: 1054.765 GC heap after
Heap after GC invocations=778 (full 25):
 PSYoungGen      total 53760K, used 390K [0x00000000f5580000, 0x00000000f8d00000, 0x0000000100000000)
  eden space 53248K, 0% used [0x00000000f5580000,0x00000000f5580000,0x00000000f8980000)
  from space 512K, 76% used [0x00000000f8a80000,0x00000000f8ae1a68,0x00000000f8b00000)
  to   space 1536K, 0% used [0x00000000f8b80000,0x00000000f8b80000,0x00000000f8d00000)
 ParOldGen       total 151552K, used 36525K [0x00000000e0000000, 0x00000000e9400000, 0x00000000f5580000)
  object space 151552K, 24% used [0x00000000e0000000,0x00000000e23ab788,0x00000000e9400000)
 Metaspace       used 23975K, capacity 24428K, committed 24832K, reserved 1071104K
  class space    used 3127K, capacity 3265K, committed 3328K, reserved 1048576K
}
Event: 1055.233 GC heap before
{Heap before GC invocations=779 (full 25):
 PSYoungGen      total 53760K, used 53638K [0x00000000f5580000, 0x00000000f8d00000, 0x0000000100000000)
  eden space 53248K, 100% used [0x00000000f5580000,0x00000000f8980000,0x00000000f8980000)
  from space 512K, 76% used [0x00000000f8a80000,0x00000000f8ae1a68,0x00000000f8b00000)
  to   space 1536K, 0% used [0x00000000f8b80000,0x00000000f8b80000,0x00000000f8d00000)
 ParOldGen       total 151552K, used 36525K [0x00000000e0000000, 0x00000000e9400000, 0x00000000f5580000)
  object space 151552K, 24% used [0x00000000e0000000,0x00000000e23ab788,0x00000000e9400000)
 Metaspace       used 23975K, capacity 24428K, committed 24832K, reserved 1071104K
  class space    used 3127K, capacity 3265K, committed 3328K, reserved 1048576K
Event: 1055.234 GC heap after
Heap after GC invocations=779 (full 25):
 PSYoungGen      total 53760K, used 515K [0x00000000f5580000, 0x00000000f8c80000, 0x0000000100000000)
  eden space 52736K, 0% used [0x00000000f5580000,0x00000000f5580000,0x00000000f8900000)
  from space 1024K, 50% used [0x00000000f8b80000,0x00000000f8c00fb8,0x00000000f8c80000)
  to   space 1536K, 0% used [0x00000000f8980000,0x00000000f8980000,0x00000000f8b00000)
 ParOldGen       total 151552K, used 36597K [0x00000000e0000000, 0x00000000e9400000, 0x00000000f5580000)
  object space 151552K, 24% used [0x00000000e0000000,0x00000000e23bd788,0x00000000e9400000)
 Metaspace       used 23975K, capacity 24428K, committed 24832K, reserved 1071104K
  class space    used 3127K, capacity 3265K, committed 3328K, reserved 1048576K
}
Event: 1055.703 GC heap before
{Heap before GC invocations=780 (full 25):
 PSYoungGen      total 53760K, used 53251K [0x00000000f5580000, 0x00000000f8c80000, 0x0000000100000000)
  eden space 52736K, 100% used [0x00000000f5580000,0x00000000f8900000,0x00000000f8900000)
  from space 1024K, 50% used [0x00000000f8b80000,0x00000000f8c00fb8,0x00000000f8c80000)
  to   space 1536K, 0% used [0x00000000f8980000,0x00000000f8980000,0x00000000f8b00000)
 ParOldGen       total 151552K, used 36597K [0x00000000e0000000, 0x00000000e9400000, 0x00000000f5580000)
  object space 151552K, 24% used [0x00000000e0000000,0x00000000e23bd788,0x00000000e9400000)
 Metaspace       used 23975K, capacity 24428K, committed 24832K, reserved 1071104K
  class space    used 3127K, capacity 3265K, committed 3328K, reserved 1048576K
Event: 1055.705 GC heap after
Heap after GC invocations=780 (full 25):
 PSYoungGen      total 53760K, used 1133K [0x00000000f5580000, 0x00000000f8c00000, 0x0000000100000000)
  eden space 52224K, 0% used [0x00000000f5580000,0x00000000f5580000,0x00000000f8880000)
  from space 1536K, 73% used [0x00000000f8980000,0x00000000f8a9b4d8,0x00000000f8b00000)
  to   space 1024K, 0% used [0x00000000f8b00000,0x00000000f8b00000,0x00000000f8c00000)
 ParOldGen       total 151552K, used 36685K [0x00000000e0000000, 0x00000000e9400000, 0x00000000f5580000)
  object space 151552K, 24% used [0x00000000e0000000,0x00000000e23d3788,0x00000000e9400000)
 Metaspace       used 23975K, capacity 24428K, committed 24832K, reserved 1071104K
  class space    used 3127K, capacity 3265K, committed 3328K, reserved 1048576K
}
Event: 1057.520 GC heap before
{Heap before GC invocations=781 (full 25):
 PSYoungGen      total 53760K, used 53357K [0x00000000f5580000, 0x00000000f8c00000, 0x0000000100000000)
  eden space 52224K, 100% used [0x00000000f5580000,0x00000000f8880000,0x00000000f8880000)
  from space 1536K, 73% used [0x00000000f8980000,0x00000000f8a9b4d8,0x00000000f8b00000)
  to   space 1024K, 0% used [0x00000000f8b00000,0x00000000f8b00000,0x00000000f8c00000)
 ParOldGen       total 151552K, used 36685K [0x00000000e0000000, 0x00000000e9400000, 0x00000000f5580000)
  object space 151552K, 24% used [0x00000000e0000000,0x00000000e23d3788,0x00000000e9400000)
 Metaspace       used 23975K, capacity 24428K, committed 24832K, reserved 1071104K
  class space    used 3127K, capacity 3265K, committed 3328K, reserved 1048576K
Event: 1057.521 GC heap after
Heap after GC invocations=781 (full 25):
 PSYoungGen      total 52224K, used 397K [0x00000000f5580000, 0x00000000f8b80000, 0x0000000100000000)
  eden space 51712K, 0% used [0x00000000f5580000,0x00000000f5580000,0x00000000f8800000)
  from space 512K, 77% used [0x00000000f8b00000,0x00000000f8b63570,0x00000000f8b80000)
  to   space 1536K, 0% used [0x00000000f8880000,0x00000000f8880000,0x00000000f8a00000)
 ParOldGen       total 151552K, used 36757K [0x00000000e0000000, 0x00000000e9400000, 0x00000000f5580000)
  object space 151552K, 24% used [0x00000000e0000000,0x00000000e23e5788,0x00000000e9400000)
 Metaspace       used 23975K, capacity 24428K, committed 24832K, reserved 1071104K
  class space    used 3127K, capacity 3265K, committed 3328K, reserved 1048576K
}

